<?xml version="1.0" encoding="UTF-8"?>
<testsuite xmlns:xsi="http://www.w3.org/2001/XMLSchema-instance" xsi:noNamespaceSchemaLocation="https://maven.apache.org/surefire/maven-surefire-plugin/xsd/surefire-test-report-3.0.xsd" version="3.0" name="restfulApi" time="4.564" tests="3" errors="0" skipped="0" failures="0">
  <properties>
[...]
</properties>
  <testcase name="testPostMethod" classname="restfulApi" time="2.276">
    <system-out><![CDATA[Created Resource ID: ff80818192925da70192dd82c5e02a76
]]></system-out>
  </testcase>
  <testcase name="testGetMethod" classname="restfulApi" time="0.503">
    <system-out><![CDATA[GET Response: {"id":"1","name":"Google Pixel 6 Pro","data":{"color":"Cloudy White","capacity":"128 GB"}}
]]></system-out>
  </testcase>
  <testcase name="testDeleteMethod" classname="restfulApi" time="0.86"/>
</testsuite>